<?xml version="1.0" encoding="UTF-8"?>
<!-- Generated by org.testng.reporters.JUnitReportReporter -->
<testsuite hostname="DESKTOP-HIUNGH3" failures="0" tests="1" name="tests.FlowOfTest" time="39.320" errors="0" timestamp="2025-09-14T02:53:10 IST" skipped="0">
  <testcase classname="tests.FlowOfTest" name="completeUserJourney" time="39.320"/>
</testsuite> <!-- tests.FlowOfTest -->
